app/build/intermediates/manifest_merge_blame_file/debug/manifest-merger-blame-debug-report.txt
1<?xml version="1.0" encoding="utf-8"?>
2<!--
3    ~ Copyright 2022 The TensorFlow Authors. All Rights Reserved.
4    ~
5    ~ Licensed under the Apache License, Version 2.0 (the "License");
6    ~ you may not use this file except in compliance with the License.
7    ~ You may obtain a copy of the License at
8    ~
9    ~       http://www.apache.org/licenses/LICENSE-2.0
10    ~
11    ~ Unless required by applicable law or agreed to in writing, software
12    ~ distributed under the License is distributed on an "AS IS" BASIS,
13    ~ WITHOUT WARRANTIES OR CONDITIONS OF ANY KIND, either express or implied.
14    ~ See the License for the specific language governing permissions and
15    ~ limitations under the License.
16-->
17<manifest xmlns:android="http://schemas.android.com/apk/res/android"
18    xmlns:dist="http://schemas.android.com/apk/distribution"
19    package="org.tensorflow.lite.examples.objectdetection"
20    android:versionCode="1"
21    android:versionName="1.0.0" >
22
23    <uses-sdk
24        android:minSdkVersion="21"
24-->src\main\AndroidManifest.xml
25        android:targetSdkVersion="32" />
25-->src\main\AndroidManifest.xml
26
27    <!-- Enable instant app support -->
28    <dist:module dist:instant="true" />
28-->src\main\AndroidManifest.xml:24:5-40
28-->src\main\AndroidManifest.xml:24:18-37
29
30    <!-- Declare features -->
31    <uses-feature android:name="android.hardware.camera" />
31-->src\main\AndroidManifest.xml:27:5-60
31-->src\main\AndroidManifest.xml:27:19-57
32
33    <!-- Declare permissions -->
34    <uses-permission android:name="android.permission.CAMERA" />
34-->src\main\AndroidManifest.xml:30:5-65
34-->src\main\AndroidManifest.xml:30:22-62
35    <uses-permission android:name="android.permission.WRITE_EXTERNAL_STORAGE" />
36    <uses-permission android:name="android.permission.READ_PHONE_STATE" />
37    <uses-permission android:name="android.permission.READ_EXTERNAL_STORAGE" />
38
39    <application
39-->src\main\AndroidManifest.xml:32:5-75:19
40        android:allowBackup="true"
40-->src\main\AndroidManifest.xml:36:9-35
41        android:appComponentFactory="androidx.core.app.CoreComponentFactory"
41-->[androidx.core:core:1.6.0] AndroidManifest.xml:24:18-86
42        android:debuggable="true"
43        android:icon="@mipmap/ic_launcher"
43-->src\main\AndroidManifest.xml:33:9-43
44        android:label="@string/app_name"
44-->src\main\AndroidManifest.xml:35:9-41
45        android:roundIcon="@mipmap/ic_launcher_round"
45-->src\main\AndroidManifest.xml:34:9-54
46        android:taskAffinity=""
46-->src\main\AndroidManifest.xml:37:9-32
47        android:testOnly="true" >
48        <activity
48-->src\main\AndroidManifest.xml:40:9-48:20
49            android:name="org.tensorflow.lite.examples.objectdetection.HomePageActivity"
49-->src\main\AndroidManifest.xml:40:19-51
50            android:exported="true"
50-->src\main\AndroidManifest.xml:41:13-36
51            android:theme="@style/AppTheme" >
51-->src\main\AndroidManifest.xml:42:13-44
52
53            <!-- Main app intent filter -->
54            <intent-filter>
54-->src\main\AndroidManifest.xml:44:13-47:29
55                <action android:name="android.intent.action.MAIN" />
55-->src\main\AndroidManifest.xml:45:17-69
55-->src\main\AndroidManifest.xml:45:25-66
56
57                <category android:name="android.intent.category.LAUNCHER" />
57-->src\main\AndroidManifest.xml:46:17-77
57-->src\main\AndroidManifest.xml:46:27-74
58            </intent-filter>
59        </activity>
60        <activity
60-->src\main\AndroidManifest.xml:50:9-64:20
61            android:name="org.tensorflow.lite.examples.objectdetection.MainActivity"
61-->src\main\AndroidManifest.xml:51:13-41
62            android:clearTaskOnLaunch="true"
62-->src\main\AndroidManifest.xml:52:13-45
63            android:configChanges="orientation|screenLayout|screenSize|smallestScreenSize"
63-->src\main\AndroidManifest.xml:58:13-91
64            android:exported="true"
64-->src\main\AndroidManifest.xml:54:13-36
65            android:icon="@mipmap/ic_launcher"
65-->src\main\AndroidManifest.xml:55:13-47
66            android:resizeableActivity="true"
66-->src\main\AndroidManifest.xml:57:13-46
67            android:rotationAnimation="seamless"
67-->src\main\AndroidManifest.xml:56:13-49
68            android:theme="@style/AppTheme" >
68-->src\main\AndroidManifest.xml:53:13-44
69
70            <!-- Declare notch support -->
71            <meta-data
71-->src\main\AndroidManifest.xml:62:13-83
72                android:name="android.notch_support"
72-->src\main\AndroidManifest.xml:62:24-60
73                android:value="true" />
73-->src\main\AndroidManifest.xml:62:61-81
74        </activity>
75        <activity
75-->src\main\AndroidManifest.xml:66:9-69:20
76            android:name="org.tensorflow.lite.examples.objectdetection.ResultsActivity"
76-->src\main\AndroidManifest.xml:66:19-50
77            android:exported="true"
77-->src\main\AndroidManifest.xml:67:13-36
78            android:theme="@style/AppTheme" >
78-->src\main\AndroidManifest.xml:68:13-44
79        </activity>
80
81        <meta-data
81-->src\main\AndroidManifest.xml:71:9-73:57
82            android:name="preloaded_fonts"
82-->src\main\AndroidManifest.xml:72:13-43
83            android:resource="@array/preloaded_fonts" />
83-->src\main\AndroidManifest.xml:73:13-54
84
85        <uses-library
85-->[androidx.window:window:1.0.0-alpha09] AndroidManifest.xml:25:9-27:40
86            android:name="androidx.window.extensions"
86-->[androidx.window:window:1.0.0-alpha09] AndroidManifest.xml:26:13-54
87            android:required="false" />
87-->[androidx.window:window:1.0.0-alpha09] AndroidManifest.xml:27:13-37
88        <uses-library
88-->[androidx.window:window:1.0.0-alpha09] AndroidManifest.xml:28:9-30:40
89            android:name="androidx.window.sidecar"
89-->[androidx.window:window:1.0.0-alpha09] AndroidManifest.xml:29:13-51
90            android:required="false" />
90-->[androidx.window:window:1.0.0-alpha09] AndroidManifest.xml:30:13-37
91
92        <service
92-->[androidx.camera:camera-camera2:1.1.0-beta03] AndroidManifest.xml:26:9-35:19
93            android:name="androidx.camera.core.impl.MetadataHolderService"
93-->[androidx.camera:camera-camera2:1.1.0-beta03] AndroidManifest.xml:27:13-75
94            android:enabled="false"
94-->[androidx.camera:camera-camera2:1.1.0-beta03] AndroidManifest.xml:28:13-36
95            android:exported="false" >
95-->[androidx.camera:camera-camera2:1.1.0-beta03] AndroidManifest.xml:29:13-37
96            <meta-data
96-->[androidx.camera:camera-camera2:1.1.0-beta03] AndroidManifest.xml:32:13-34:89
97                android:name="androidx.camera.core.impl.MetadataHolderService.DEFAULT_CONFIG_PROVIDER"
97-->[androidx.camera:camera-camera2:1.1.0-beta03] AndroidManifest.xml:33:17-103
98                android:value="androidx.camera.camera2.Camera2Config$DefaultProvider" />
98-->[androidx.camera:camera-camera2:1.1.0-beta03] AndroidManifest.xml:34:17-86
99        </service>
100
101        <provider
101-->[androidx.lifecycle:lifecycle-process:2.2.0] AndroidManifest.xml:25:9-29:43
102            android:name="androidx.lifecycle.ProcessLifecycleOwnerInitializer"
102-->[androidx.lifecycle:lifecycle-process:2.2.0] AndroidManifest.xml:26:13-79
103            android:authorities="org.tensorflow.lite.examples.objectdetection.lifecycle-process"
103-->[androidx.lifecycle:lifecycle-process:2.2.0] AndroidManifest.xml:27:13-69
104            android:exported="false"
104-->[androidx.lifecycle:lifecycle-process:2.2.0] AndroidManifest.xml:28:13-37
105            android:multiprocess="true" />
105-->[androidx.lifecycle:lifecycle-process:2.2.0] AndroidManifest.xml:29:13-40
106    </application>
107
108</manifest>